<?xml version="1.0" encoding="UTF-8"?>
<Site BuildName="Linux-g++"
	BuildStamp="20240412-2135-Experimental"
	Name="leon-EOS"
	Generator="ctest-3.29.2"
	CompilerName="/usr/bin/g++"
	CompilerVersion="13.2.1"
	OSName="Linux"
	Hostname="leon-EOS"
	OSRelease="6.6.26-1-lts"
	OSVersion="#1 SMP PREEMPT_DYNAMIC Thu, 11 Apr 2024 09:22:29 +0000"
	OSPlatform="x86_64"
	Is64Bits="1"
	VendorString="AuthenticAMD"
	VendorID="Advanced Micro Devices"
	FamilyID="25"
	ModelID="33"
	ProcessorCacheSize="512"
	NumberOfLogicalCPU="16"
	NumberOfPhysicalCPU="8"
	TotalVirtualMemory="0"
	TotalPhysicalMemory="32018"
	LogicalProcessorsPerPhysical="2"
	ProcessorClockFrequency="4417.19"
	>
	<Testing>
		<StartDateTime>Apr 12 23:54 CEST</StartDateTime>
		<StartTestTime>1712958884</StartTestTime>
		<TestList/>
		<EndDateTime>Apr 12 23:54 CEST</EndDateTime>
		<EndTestTime>1712958884</EndTestTime>
		<ElapsedMinutes>0</ElapsedMinutes>
	</Testing>
</Site>
