<?xml version="1.0" encoding="UTF-8"?>
<Site BuildName="Linux-g++"
	BuildStamp="20240406-1209-Experimental"
	Name="leon-EOS"
	Generator="ctest-3.29.1"
	CompilerName="/usr/bin/g++"
	CompilerVersion="13.2.1"
	OSName="Linux"
	Hostname="leon-EOS"
	OSRelease="6.6.24-1-lts"
	OSVersion="#1 SMP PREEMPT_DYNAMIC Wed, 03 Apr 2024 14:50:23 +0000"
	OSPlatform="x86_64"
	Is64Bits="1"
	VendorString="AuthenticAMD"
	VendorID="Advanced Micro Devices"
	FamilyID="25"
	ModelID="33"
	ProcessorCacheSize="512"
	NumberOfLogicalCPU="16"
	NumberOfPhysicalCPU="8"
	TotalVirtualMemory="0"
	TotalPhysicalMemory="32018"
	LogicalProcessorsPerPhysical="2"
	ProcessorClockFrequency="4435.76"
	>
	<Testing>
		<StartDateTime>Apr 06 23:38 CEST</StartDateTime>
		<StartTestTime>1712439504</StartTestTime>
		<TestList/>
		<EndDateTime>Apr 06 23:38 CEST</EndDateTime>
		<EndTestTime>1712439504</EndTestTime>
		<ElapsedMinutes>0</ElapsedMinutes>
	</Testing>
</Site>
