<?xml version="1.0" encoding="UTF-8"?>
<Site BuildName="Linux-g++"
	BuildStamp="20240411-1529-Experimental"
	Name="leon-EOS"
	Generator="ctest-3.29.2"
	CompilerName="/usr/bin/g++"
	CompilerVersion="13.2.1"
	OSName="Linux"
	Hostname="leon-EOS"
	OSRelease="6.6.25-1-lts"
	OSVersion="#1 SMP PREEMPT_DYNAMIC Fri, 05 Apr 2024 14:16:56 +0000"
	OSPlatform="x86_64"
	Is64Bits="1"
	VendorString="AuthenticAMD"
	VendorID="Advanced Micro Devices"
	FamilyID="25"
	ModelID="33"
	ProcessorCacheSize="512"
	NumberOfLogicalCPU="16"
	NumberOfPhysicalCPU="8"
	TotalVirtualMemory="0"
	TotalPhysicalMemory="32018"
	LogicalProcessorsPerPhysical="2"
	ProcessorClockFrequency="4330.49"
	>
	<Testing>
		<StartDateTime>Apr 11 20:46 CEST</StartDateTime>
		<StartTestTime>1712861209</StartTestTime>
		<TestList/>
		<EndDateTime>Apr 11 20:46 CEST</EndDateTime>
		<EndTestTime>1712861209</EndTestTime>
		<ElapsedMinutes>0</ElapsedMinutes>
	</Testing>
</Site>
