<?xml version="1.0" encoding="UTF-8"?>
<Site BuildName="Linux-g++"
	BuildStamp="20240402-2052-Experimental"
	Name="leon-EOS"
	Generator="ctest-3.29.0"
	CompilerName="/usr/bin/g++"
	CompilerVersion="13.2.1"
	OSName="Linux"
	Hostname="leon-EOS"
	OSRelease="6.6.23-1-lts"
	OSVersion="#1 SMP PREEMPT_DYNAMIC Wed, 27 Mar 2024 07:47:20 +0000"
	OSPlatform="x86_64"
	Is64Bits="1"
	VendorString="AuthenticAMD"
	VendorID="Advanced Micro Devices"
	FamilyID="25"
	ModelID="33"
	ProcessorCacheSize="512"
	NumberOfLogicalCPU="16"
	NumberOfPhysicalCPU="8"
	TotalVirtualMemory="0"
	TotalPhysicalMemory="32018"
	LogicalProcessorsPerPhysical="2"
	ProcessorClockFrequency="4449.45"
	>
	<Testing>
		<StartDateTime>Apr 02 23:15 CEST</StartDateTime>
		<StartTestTime>1712092517</StartTestTime>
		<TestList/>
		<EndDateTime>Apr 02 23:15 CEST</EndDateTime>
		<EndTestTime>1712092517</EndTestTime>
		<ElapsedMinutes>0</ElapsedMinutes>
	</Testing>
</Site>
